<?xml version="1.0" encoding="UTF-8"?>
<!-- Generated by org.testng.reporters.JUnitReportReporter -->
<testsuite hostname="LAPTOP-6J9D3RIU" failures="0" tests="3" name="com.application.test.ApplicationTest" time="18.884" errors="0" timestamp="2023-02-27T16:03:22 IST" skipped="0">
  <testcase classname="com.application.test.ApplicationTest" name="verifyApplicationTitle" time="6.539"/>
  <system-out/>
  <testcase classname="com.application.test.ApplicationTest" name="verifyApplicationLogo" time="6.111"/>
  <system-out/>
  <testcase classname="com.application.test.ApplicationTest" name="verifyApplicationCaption" time="6.234"/>
  <system-out/>
</testsuite> <!-- com.application.test.ApplicationTest -->
